Performing C SOURCE FILE Test CMAKE_HAVE_LIBC_PTHREAD failed with the following output:
Change Dir: /home/ronaldvelasco/B1/build/CMakeFiles/CMakeTmp

Run Build Command(s):/usr/sbin/make -f Makefile cmTC_02397/fast && /usr/sbin/make  -f CMakeFiles/cmTC_02397.dir/build.make CMakeFiles/cmTC_02397.dir/build
make[1]: Entering directory '/home/ronaldvelasco/B1/build/CMakeFiles/CMakeTmp'
Building C object CMakeFiles/cmTC_02397.dir/src.c.o
/usr/sbin/cc -DCMAKE_HAVE_LIBC_PTHREAD   -o CMakeFiles/cmTC_02397.dir/src.c.o -c /home/ronaldvelasco/B1/build/CMakeFiles/CMakeTmp/src.c
Linking C executable cmTC_02397
/usr/bin/cmake -E cmake_link_script CMakeFiles/cmTC_02397.dir/link.txt --verbose=1
/usr/sbin/cc CMakeFiles/cmTC_02397.dir/src.c.o -o cmTC_02397 
/usr/sbin/ld: CMakeFiles/cmTC_02397.dir/src.c.o: in function `main':
src.c:(.text+0x3e): undefined reference to `pthread_create'
/usr/sbin/ld: src.c:(.text+0x4a): undefined reference to `pthread_detach'
/usr/sbin/ld: src.c:(.text+0x56): undefined reference to `pthread_cancel'
/usr/sbin/ld: src.c:(.text+0x67): undefined reference to `pthread_join'
collect2: error: ld returned 1 exit status
make[1]: *** [CMakeFiles/cmTC_02397.dir/build.make:99: cmTC_02397] Error 1
make[1]: Leaving directory '/home/ronaldvelasco/B1/build/CMakeFiles/CMakeTmp'
make: *** [Makefile:127: cmTC_02397/fast] Error 2


Source file was:
#include <pthread.h>

static void* test_func(void* data)
{
  return data;
}

int main(void)
{
  pthread_t thread;
  pthread_create(&thread, NULL, test_func, NULL);
  pthread_detach(thread);
  pthread_cancel(thread);
  pthread_join(thread, NULL);
  pthread_atfork(NULL, NULL, NULL);
  pthread_exit(NULL);

  return 0;
}

